{"synthetic": false,
 "outputs":
 {"o": ["14206000460387691174"],
  "i": "2697285696221240952",
  "c": "4523808645305919591"},
 "log":
 [{"message":
   ".> LEAN_PATH=C:\\Users\\Thiago\\Documents\\Thiago\\Programas\\Documents\\Programming\\NelsonNL\\NelsonNL\\.lake\\packages\\Cli\\.lake\\build\\lib\\lean;C:\\Users\\Thiago\\Documents\\Thiago\\Programas\\Documents\\Programming\\NelsonNL\\NelsonNL\\.lake\\packages\\batteries\\.lake\\build\\lib\\lean;C:\\Users\\Thiago\\Documents\\Thiago\\Programas\\Documents\\Programming\\NelsonNL\\NelsonNL\\.lake\\packages\\Qq\\.lake\\build\\lib\\lean;C:\\Users\\Thiago\\Documents\\Thiago\\Programas\\Documents\\Programming\\NelsonNL\\NelsonNL\\.lake\\packages\\aesop\\.lake\\build\\lib\\lean;C:\\Users\\Thiago\\Documents\\Thiago\\Programas\\Documents\\Programming\\NelsonNL\\NelsonNL\\.lake\\packages\\proofwidgets\\.lake\\build\\lib\\lean;C:\\Users\\Thiago\\Documents\\Thiago\\Programas\\Documents\\Programming\\NelsonNL\\NelsonNL\\.lake\\packages\\importGraph\\.lake\\build\\lib\\lean;C:\\Users\\Thiago\\Documents\\Thiago\\Programas\\Documents\\Programming\\NelsonNL\\NelsonNL\\.lake\\packages\\LeanSearchClient\\.lake\\build\\lib\\lean;C:\\Users\\Thiago\\Documents\\Thiago\\Programas\\Documents\\Programming\\NelsonNL\\NelsonNL\\.lake\\packages\\plausible\\.lake\\build\\lib\\lean;C:\\Users\\Thiago\\Documents\\Thiago\\Programas\\Documents\\Programming\\NelsonNL\\NelsonNL\\.lake\\packages\\mathlib\\.lake\\build\\lib\\lean;C:\\Users\\Thiago\\Documents\\Thiago\\Programas\\Documents\\Programming\\NelsonNL\\NelsonNL\\.lake\\build\\lib\\lean c:\\Users\\Thiago\\.elan\\toolchains\\leanprover--lean4---v4.24.0\\bin\\lean.exe C:\\Users\\Thiago\\Documents\\Thiago\\Programas\\Documents\\Programming\\NelsonNL\\NelsonNL\\NL\\Canonical.lean -o C:\\Users\\Thiago\\Documents\\Thiago\\Programas\\Documents\\Programming\\NelsonNL\\NelsonNL\\.lake\\build\\lib\\lean\\NL\\Canonical.olean -i C:\\Users\\Thiago\\Documents\\Thiago\\Programas\\Documents\\Programming\\NelsonNL\\NelsonNL\\.lake\\build\\lib\\lean\\NL\\Canonical.ilean -c C:\\Users\\Thiago\\Documents\\Thiago\\Programas\\Documents\\Programming\\NelsonNL\\NelsonNL\\.lake\\build\\ir\\NL\\Canonical.c --setup C:\\Users\\Thiago\\Documents\\Thiago\\Programas\\Documents\\Programming\\NelsonNL\\NelsonNL\\.lake\\build\\ir\\NL\\Canonical.setup.json --json",
   "level": "trace"},
  {"message":
   "NL/Canonical.lean:64:10: unused variable `Γ`\n\nNote: This linter can be disabled with `set_option linter.unusedVariables false`",
   "level": "warning"},
  {"message": "NL/Canonical.lean:71:4: declaration uses 'sorry'",
   "level": "warning"},
  {"message": "NL/Canonical.lean:71:4: declaration uses 'sorry'",
   "level": "warning"},
  {"message": "NL/Canonical.lean:71:4: declaration uses 'sorry'",
   "level": "warning"},
  {"message": "NL/Canonical.lean:71:4: declaration uses 'sorry'",
   "level": "warning"},
  {"message": "NL/Canonical.lean:71:4: declaration uses 'sorry'",
   "level": "warning"},
  {"message": "NL/Canonical.lean:71:4: declaration uses 'sorry'",
   "level": "warning"},
  {"message": "NL/Canonical.lean:71:4: declaration uses 'sorry'",
   "level": "warning"},
  {"message": "NL/Canonical.lean:71:4: declaration uses 'sorry'",
   "level": "warning"},
  {"message": "NL/Canonical.lean:106:8: declaration uses 'sorry'",
   "level": "warning"},
  {"message": "NL/Canonical.lean:112:8: declaration uses 'sorry'",
   "level": "warning"}],
 "inputs":
 [["NL.Canonical:deps",
   [["deps",
     [["NelsonNL/NL:extraDep", [["@NelsonNL:extraDep", "1723"]]],
      ["imports",
       [["NL.Semantics transitive imports (legacy)", "2632746361903053904"],
        ["NL.Semantics:importAllArts", "14419006363771184407"],
        ["NL.ProofSystem transitive imports (legacy)", "14711919809574944561"],
        ["NL.ProofSystem:importAllArts", "12223027573280370676"],
        ["NL.Lindenbaum transitive imports (legacy)", "18085065658423288129"],
        ["NL.Lindenbaum:importAllArts", "4491156723405125145"]]]]],
    ["libs",
     [["import dynlibs", "1723"],
      ["package external libraries", "1723"],
      ["module dynlibs", "1723"],
      ["module plugins", "1723"]]]]],
  ["Lean 4.24.0, commit 797c613eb9b6d4ec95db23e3e00af9ac6657f24b",
   "1165570713881806064"],
  ["C:\\Users\\Thiago\\Documents\\Thiago\\Programas\\Documents\\Programming\\NelsonNL\\NelsonNL\\NL\\Canonical.lean",
   "7645750669506393891"],
  ["options", "1723"],
  ["Module.leanArgs: #[]", "1723"]],
 "depHash": "13089956150762594994"}