{"synthetic": false,
 "outputs":
 {"o": ["3323401703703315353"],
  "i": "9717439164949886352",
  "c": "12702469090177477051"},
 "log":
 [{"message":
   ".> LEAN_PATH=C:\\Users\\Thiago\\Documents\\Thiago\\Programas\\Documents\\Programming\\NelsonNL\\NelsonNL\\.lake\\packages\\Cli\\.lake\\build\\lib\\lean;C:\\Users\\Thiago\\Documents\\Thiago\\Programas\\Documents\\Programming\\NelsonNL\\NelsonNL\\.lake\\packages\\batteries\\.lake\\build\\lib\\lean;C:\\Users\\Thiago\\Documents\\Thiago\\Programas\\Documents\\Programming\\NelsonNL\\NelsonNL\\.lake\\packages\\Qq\\.lake\\build\\lib\\lean;C:\\Users\\Thiago\\Documents\\Thiago\\Programas\\Documents\\Programming\\NelsonNL\\NelsonNL\\.lake\\packages\\aesop\\.lake\\build\\lib\\lean;C:\\Users\\Thiago\\Documents\\Thiago\\Programas\\Documents\\Programming\\NelsonNL\\NelsonNL\\.lake\\packages\\proofwidgets\\.lake\\build\\lib\\lean;C:\\Users\\Thiago\\Documents\\Thiago\\Programas\\Documents\\Programming\\NelsonNL\\NelsonNL\\.lake\\packages\\importGraph\\.lake\\build\\lib\\lean;C:\\Users\\Thiago\\Documents\\Thiago\\Programas\\Documents\\Programming\\NelsonNL\\NelsonNL\\.lake\\packages\\LeanSearchClient\\.lake\\build\\lib\\lean;C:\\Users\\Thiago\\Documents\\Thiago\\Programas\\Documents\\Programming\\NelsonNL\\NelsonNL\\.lake\\packages\\plausible\\.lake\\build\\lib\\lean;C:\\Users\\Thiago\\Documents\\Thiago\\Programas\\Documents\\Programming\\NelsonNL\\NelsonNL\\.lake\\packages\\mathlib\\.lake\\build\\lib\\lean;C:\\Users\\Thiago\\Documents\\Thiago\\Programas\\Documents\\Programming\\NelsonNL\\NelsonNL\\.lake\\build\\lib\\lean c:\\Users\\Thiago\\.elan\\toolchains\\leanprover--lean4---v4.24.0\\bin\\lean.exe C:\\Users\\Thiago\\Documents\\Thiago\\Programas\\Documents\\Programming\\NelsonNL\\NelsonNL\\NL\\Language.lean -o C:\\Users\\Thiago\\Documents\\Thiago\\Programas\\Documents\\Programming\\NelsonNL\\NelsonNL\\.lake\\build\\lib\\lean\\NL\\Language.olean -i C:\\Users\\Thiago\\Documents\\Thiago\\Programas\\Documents\\Programming\\NelsonNL\\NelsonNL\\.lake\\build\\lib\\lean\\NL\\Language.ilean -c C:\\Users\\Thiago\\Documents\\Thiago\\Programas\\Documents\\Programming\\NelsonNL\\NelsonNL\\.lake\\build\\ir\\NL\\Language.c --setup C:\\Users\\Thiago\\Documents\\Thiago\\Programas\\Documents\\Programming\\NelsonNL\\NelsonNL\\.lake\\build\\ir\\NL\\Language.setup.json --json",
   "level": "trace"}],
 "inputs":
 [["NL.Language:deps",
   [["deps",
     [["NelsonNL/NL:extraDep", [["@NelsonNL:extraDep", "1723"]]],
      ["imports", "1723"]]],
    ["libs",
     [["import dynlibs", "1723"],
      ["package external libraries", "1723"],
      ["module dynlibs", "1723"],
      ["module plugins", "1723"]]]]],
  ["Lean 4.24.0, commit 797c613eb9b6d4ec95db23e3e00af9ac6657f24b",
   "1165570713881806064"],
  ["C:\\Users\\Thiago\\Documents\\Thiago\\Programas\\Documents\\Programming\\NelsonNL\\NelsonNL\\NL\\Language.lean",
   "8193815871785124861"],
  ["options", "1723"],
  ["Module.leanArgs: #[]", "1723"]],
 "depHash": "3444503872598780446"}