{"synthetic": false,
 "outputs":
 {"o": ["2817600390697938305"],
  "i": "17717261304990871289",
  "c": "18049031129162149431"},
 "log":
 [{"message":
   ".> LEAN_PATH=C:\\Users\\Thiago\\Documents\\Thiago\\Programas\\Documents\\Programming\\NelsonNL\\NelsonNL\\.lake\\packages\\Cli\\.lake\\build\\lib\\lean;C:\\Users\\Thiago\\Documents\\Thiago\\Programas\\Documents\\Programming\\NelsonNL\\NelsonNL\\.lake\\packages\\batteries\\.lake\\build\\lib\\lean;C:\\Users\\Thiago\\Documents\\Thiago\\Programas\\Documents\\Programming\\NelsonNL\\NelsonNL\\.lake\\packages\\Qq\\.lake\\build\\lib\\lean;C:\\Users\\Thiago\\Documents\\Thiago\\Programas\\Documents\\Programming\\NelsonNL\\NelsonNL\\.lake\\packages\\aesop\\.lake\\build\\lib\\lean;C:\\Users\\Thiago\\Documents\\Thiago\\Programas\\Documents\\Programming\\NelsonNL\\NelsonNL\\.lake\\packages\\proofwidgets\\.lake\\build\\lib\\lean;C:\\Users\\Thiago\\Documents\\Thiago\\Programas\\Documents\\Programming\\NelsonNL\\NelsonNL\\.lake\\packages\\importGraph\\.lake\\build\\lib\\lean;C:\\Users\\Thiago\\Documents\\Thiago\\Programas\\Documents\\Programming\\NelsonNL\\NelsonNL\\.lake\\packages\\LeanSearchClient\\.lake\\build\\lib\\lean;C:\\Users\\Thiago\\Documents\\Thiago\\Programas\\Documents\\Programming\\NelsonNL\\NelsonNL\\.lake\\packages\\plausible\\.lake\\build\\lib\\lean;C:\\Users\\Thiago\\Documents\\Thiago\\Programas\\Documents\\Programming\\NelsonNL\\NelsonNL\\.lake\\packages\\mathlib\\.lake\\build\\lib\\lean;C:\\Users\\Thiago\\Documents\\Thiago\\Programas\\Documents\\Programming\\NelsonNL\\NelsonNL\\.lake\\build\\lib\\lean c:\\Users\\Thiago\\.elan\\toolchains\\leanprover--lean4---v4.24.0\\bin\\lean.exe C:\\Users\\Thiago\\Documents\\Thiago\\Programas\\Documents\\Programming\\NelsonNL\\NelsonNL\\NL\\Lindenbaum.lean -o C:\\Users\\Thiago\\Documents\\Thiago\\Programas\\Documents\\Programming\\NelsonNL\\NelsonNL\\.lake\\build\\lib\\lean\\NL\\Lindenbaum.olean -i C:\\Users\\Thiago\\Documents\\Thiago\\Programas\\Documents\\Programming\\NelsonNL\\NelsonNL\\.lake\\build\\lib\\lean\\NL\\Lindenbaum.ilean -c C:\\Users\\Thiago\\Documents\\Thiago\\Programas\\Documents\\Programming\\NelsonNL\\NelsonNL\\.lake\\build\\ir\\NL\\Lindenbaum.c --setup C:\\Users\\Thiago\\Documents\\Thiago\\Programas\\Documents\\Programming\\NelsonNL\\NelsonNL\\.lake\\build\\ir\\NL\\Lindenbaum.setup.json --json",
   "level": "trace"}],
 "inputs":
 [["NL.Lindenbaum:deps",
   [["deps",
     [["NelsonNL/NL:extraDep", [["@NelsonNL:extraDep", "1723"]]],
      ["imports",
       [["NL.Semantics transitive imports (legacy)", "8278479427972197967"],
        ["NL.Semantics:importAllArts", "2970129009743347344"],
        ["NL.ProofSystem transitive imports (legacy)", "17686458983870144006"],
        ["NL.ProofSystem:importAllArts", "12223027573280370676"]]]]],
    ["libs",
     [["import dynlibs", "1723"],
      ["package external libraries", "1723"],
      ["module dynlibs", "1723"],
      ["module plugins", "1723"]]]]],
  ["Lean 4.24.0, commit 797c613eb9b6d4ec95db23e3e00af9ac6657f24b",
   "1165570713881806064"],
  ["C:\\Users\\Thiago\\Documents\\Thiago\\Programas\\Documents\\Programming\\NelsonNL\\NelsonNL\\NL\\Lindenbaum.lean",
   "17109700103629355604"],
  ["options", "1723"],
  ["Module.leanArgs: #[]", "1723"]],
 "depHash": "7059882718508524022"}